{"name": "Проверка создания заказа без авторизации", "status": "failed", "statusDetails": {"message": "AssertionError: assert (200 == 401)\n +  where 200 = <Response [200]>.status_code", "trace": "self = <tests.test_create_order.TestCreateOrder object at 0x108072420>, valid_hash = {'ingredients': ['61c0c5a71d1f82001bdaaa6d', '61c0c5a71d1f82001bdaaa6f']}\n\n    @allure.title('Проверка создания заказа без авторизации')\n    @allure.description('Тест создания заказа без авторизации')\n    def test_create_order_without_auth(self, valid_hash):\n        payload = valid_hash\n        response = requests.post(URL.ORDER_URL, data=payload)\n        print(response.json().get('success'))\n>       assert response.status_code == 401 and response.json().get('success') == Answers.UNAUTHORISED_ANSWER\nE       assert (200 == 401)\nE        +  where 200 = <Response [200]>.status_code\n\ntests/test_create_order.py:25: AssertionError"}, "description": "Тест создания заказа без авторизации", "attachments": [{"name": "stdout", "source": "c8a2bc74-bee7-4da1-ade1-39bb387d57d9-attachment.txt", "type": "text/plain"}], "start": 1720300077783, "stop": 1720300077911, "uuid": "be624234-c9a3-4dba-8ca7-5a1e426cb9a0", "historyId": "31626b131e085db93d76c3e2763e1288", "testCaseId": "31626b131e085db93d76c3e2763e1288", "fullName": "tests.test_create_order.TestCreateOrder#test_create_order_without_auth", "labels": [{"name": "suite", "value": "Создание заказа"}, {"name": "parentSuite", "value": "tests"}, {"name": "subSuite", "value": "TestCreateOrder"}, {"name": "host", "value": "MacBook-Pro-Kirill.local"}, {"name": "thread", "value": "15094-MainThread"}, {"name": "framework", "value": "pytest"}, {"name": "language", "value": "cpython3"}, {"name": "package", "value": "tests.test_create_order"}]}